<?xml version="1.0" encoding="UTF-8"?>
<testsuite name="unitTests.TestaCalc" tests="1" skipped="0" failures="0" errors="0" timestamp="2021-06-15T01:09:25" hostname="DESKTOP-V7IBA35" time="0.033">
  <properties/>
  <testcase name="testarSomarDoisNumeros" classname="unitTests.TestaCalc" time="0.033"/>
  <system-out><![CDATA[]]></system-out>
  <system-err><![CDATA[]]></system-err>
</testsuite>
